r: no first
r: no first
r: no first
r: first
r: first
r: first
r: first
r: first
r: first
r: first
r: first
r: no first
r: first
r: first
r: first
r: no first
r: first
r: first
r: no first
r: no first
r: no first
r: no first
r: no first
r: no first
r: no first
r: no first
r: no first
r: no first
r: no first
r: <!DOCTYPE HTML PUBLIC "-//W3C//DTD HTML 4.01 Transitional//EN"
  "http://www.w3.org/TR/html4/loose.dtd">
<html>
  <head>
    <title>IndexError: tuple index out of range // Werkzeug Debugger</title>
    <link rel="stylesheet" href="?__debugger__=yes&amp;cmd=resource&amp;f=style.css"
        type="text/css">
    <!-- We need to make sure this has a favicon so that the debugger does
         not by accident trigger a request to /favicon.ico which might
         change the application state. -->
    <link rel="shortcut icon"
        href="?__debugger__=yes&amp;cmd=resource&amp;f=console.png">
    <script src="?__debugger__=yes&amp;cmd=resource&amp;f=jquery.js"></script>
    <script src="?__debugger__=yes&amp;cmd=resource&amp;f=debugger.js"></script>
    <script type="text/javascript">
      var TRACEBACK = 140433426730384,
          CONSOLE_MODE = false,
          EVALEX = true,
          EVALEX_TRUSTED = false,
          SECRET = "LyhOiqXNay9T89Z7pjFT";
    </script>
  </head>
  <body>
    <div class="debugger">
<h1>IndexError</h1>
<div class="detail">
  <p class="errormsg">IndexError: tuple index out of range</p>
</div>
<h2 class="traceback">Traceback <em>(most recent call last)</em></h2>
<div class="traceback">
  
  <ul><li><div class="frame" id="frame-140433426730128">
  <h4>File <cite class="filename">"/usr/local/lib/python2.7/site-packages/flask/app.py"</cite>,
      line <em class="line">1836</em>,
      in <code class="function">__call__</code></h4>
  <div class="source"><pre class="line before"><span class="ws">                                </span>'Flask.blueprints instead'), stacklevel=2)</pre>
<pre class="line before"><span class="ws">        </span>return self.blueprints</pre>
<pre class="line before"><span class="ws"></span> </pre>
<pre class="line before"><span class="ws">    </span>def __call__(self, environ, start_response):</pre>
<pre class="line before"><span class="ws">        </span>&quot;&quot;&quot;Shortcut for :attr:`wsgi_app`.&quot;&quot;&quot;</pre>
<pre class="line current"><span class="ws">        </span>return self.wsgi_app(environ, start_response)</pre>
<pre class="line after"><span class="ws"></span> </pre>
<pre class="line after"><span class="ws">    </span>def __repr__(self):</pre>
<pre class="line after"><span class="ws">        </span>return '&lt;%s %r&gt;' % (</pre>
<pre class="line after"><span class="ws">            </span>self.__class__.__name__,</pre>
<pre class="line after"><span class="ws">            </span>self.name,</pre></div>
</div>

<li><div class="frame" id="frame-140433426730448">
  <h4>File <cite class="filename">"/usr/local/lib/python2.7/site-packages/flask/app.py"</cite>,
      line <em class="line">1820</em>,
      in <code class="function">wsgi_app</code></h4>
  <div class="source"><pre class="line before"><span class="ws">        </span>try:</pre>
<pre class="line before"><span class="ws">            </span>try:</pre>
<pre class="line before"><span class="ws">                </span>response = self.full_dispatch_request()</pre>
<pre class="line before"><span class="ws">            </span>except Exception as e:</pre>
<pre class="line before"><span class="ws">                </span>error = e</pre>
<pre class="line current"><span class="ws">                </span>response = self.make_response(self.handle_exception(e))</pre>
<pre class="line after"><span class="ws">            </span>return response(environ, start_response)</pre>
<pre class="line after"><span class="ws">        </span>finally:</pre>
<pre class="line after"><span class="ws">            </span>if self.should_ignore_error(error):</pre>
<pre class="line after"><span class="ws">                </span>error = None</pre>
<pre class="line after"><span class="ws">            </span>ctx.auto_pop(error)</pre></div>
</div>

<li><div class="frame" id="frame-140433426729552">
  <h4>File <cite class="filename">"/usr/local/lib/python2.7/site-packages/flask/app.py"</cite>,
      line <em class="line">1403</em>,
      in <code class="function">handle_exception</code></h4>
  <div class="source"><pre class="line before"><span class="ws">            </span># if we want to repropagate the exception, we can attempt to</pre>
<pre class="line before"><span class="ws">            </span># raise it with the whole traceback in case we can do that</pre>
<pre class="line before"><span class="ws">            </span># (the function was actually called from the except part)</pre>
<pre class="line before"><span class="ws">            </span># otherwise, we just raise the error again</pre>
<pre class="line before"><span class="ws">            </span>if exc_value is e:</pre>
<pre class="line current"><span class="ws">                </span>reraise(exc_type, exc_value, tb)</pre>
<pre class="line after"><span class="ws">            </span>else:</pre>
<pre class="line after"><span class="ws">                </span>raise e</pre>
<pre class="line after"><span class="ws"></span> </pre>
<pre class="line after"><span class="ws">        </span>self.log_exception((exc_type, exc_value, tb))</pre>
<pre class="line after"><span class="ws">        </span>if handler is None:</pre></div>
</div>

<li><div class="frame" id="frame-140433426729104">
  <h4>File <cite class="filename">"/usr/local/lib/python2.7/site-packages/flask/app.py"</cite>,
      line <em class="line">1817</em>,
      in <code class="function">wsgi_app</code></h4>
  <div class="source"><pre class="line before"><span class="ws">        </span>ctx = self.request_context(environ)</pre>
<pre class="line before"><span class="ws">        </span>ctx.push()</pre>
<pre class="line before"><span class="ws">        </span>error = None</pre>
<pre class="line before"><span class="ws">        </span>try:</pre>
<pre class="line before"><span class="ws">            </span>try:</pre>
<pre class="line current"><span class="ws">                </span>response = self.full_dispatch_request()</pre>
<pre class="line after"><span class="ws">            </span>except Exception as e:</pre>
<pre class="line after"><span class="ws">                </span>error = e</pre>
<pre class="line after"><span class="ws">                </span>response = self.make_response(self.handle_exception(e))</pre>
<pre class="line after"><span class="ws">            </span>return response(environ, start_response)</pre>
<pre class="line after"><span class="ws">        </span>finally:</pre></div>
</div>

<li><div class="frame" id="frame-140433426730640">
  <h4>File <cite class="filename">"/usr/local/lib/python2.7/site-packages/flask/app.py"</cite>,
      line <em class="line">1477</em>,
      in <code class="function">full_dispatch_request</code></h4>
  <div class="source"><pre class="line before"><span class="ws">            </span>request_started.send(self)</pre>
<pre class="line before"><span class="ws">            </span>rv = self.preprocess_request()</pre>
<pre class="line before"><span class="ws">            </span>if rv is None:</pre>
<pre class="line before"><span class="ws">                </span>rv = self.dispatch_request()</pre>
<pre class="line before"><span class="ws">        </span>except Exception as e:</pre>
<pre class="line current"><span class="ws">            </span>rv = self.handle_user_exception(e)</pre>
<pre class="line after"><span class="ws">        </span>response = self.make_response(rv)</pre>
<pre class="line after"><span class="ws">        </span>response = self.process_response(response)</pre>
<pre class="line after"><span class="ws">        </span>request_finished.send(self, response=response)</pre>
<pre class="line after"><span class="ws">        </span>return response</pre>
<pre class="line after"><span class="ws"></span> </pre></div>
</div>

<li><div class="frame" id="frame-140433426729872">
  <h4>File <cite class="filename">"/usr/local/lib/python2.7/site-packages/flask/app.py"</cite>,
      line <em class="line">1381</em>,
      in <code class="function">handle_user_exception</code></h4>
  <div class="source"><pre class="line before"><span class="ws">        </span>app_handlers = self.error_handler_spec[None].get(None, ())</pre>
<pre class="line before"><span class="ws">        </span>for typecheck, handler in chain(blueprint_handlers, app_handlers):</pre>
<pre class="line before"><span class="ws">            </span>if isinstance(e, typecheck):</pre>
<pre class="line before"><span class="ws">                </span>return handler(e)</pre>
<pre class="line before"><span class="ws"></span> </pre>
<pre class="line current"><span class="ws">        </span>reraise(exc_type, exc_value, tb)</pre>
<pre class="line after"><span class="ws"></span> </pre>
<pre class="line after"><span class="ws">    </span>def handle_exception(self, e):</pre>
<pre class="line after"><span class="ws">        </span>&quot;&quot;&quot;Default exception handling that kicks in when an exception</pre>
<pre class="line after"><span class="ws">        </span>occurs that is not caught.  In debug mode the exception will</pre>
<pre class="line after"><span class="ws">        </span>be re-raised immediately, otherwise it is logged and the handler</pre></div>
</div>

<li><div class="frame" id="frame-140433426730896">
  <h4>File <cite class="filename">"/usr/local/lib/python2.7/site-packages/flask/app.py"</cite>,
      line <em class="line">1475</em>,
      in <code class="function">full_dispatch_request</code></h4>
  <div class="source"><pre class="line before"><span class="ws">        </span>self.try_trigger_before_first_request_functions()</pre>
<pre class="line before"><span class="ws">        </span>try:</pre>
<pre class="line before"><span class="ws">            </span>request_started.send(self)</pre>
<pre class="line before"><span class="ws">            </span>rv = self.preprocess_request()</pre>
<pre class="line before"><span class="ws">            </span>if rv is None:</pre>
<pre class="line current"><span class="ws">                </span>rv = self.dispatch_request()</pre>
<pre class="line after"><span class="ws">        </span>except Exception as e:</pre>
<pre class="line after"><span class="ws">            </span>rv = self.handle_user_exception(e)</pre>
<pre class="line after"><span class="ws">        </span>response = self.make_response(rv)</pre>
<pre class="line after"><span class="ws">        </span>response = self.process_response(response)</pre>
<pre class="line after"><span class="ws">        </span>request_finished.send(self, response=response)</pre></div>
</div>

<li><div class="frame" id="frame-140433426729296">
  <h4>File <cite class="filename">"/usr/local/lib/python2.7/site-packages/flask/app.py"</cite>,
      line <em class="line">1461</em>,
      in <code class="function">dispatch_request</code></h4>
  <div class="source"><pre class="line before"><span class="ws">        </span># request came with the OPTIONS method, reply automatically</pre>
<pre class="line before"><span class="ws">        </span>if getattr(rule, 'provide_automatic_options', False) \</pre>
<pre class="line before"><span class="ws">           </span>and req.method == 'OPTIONS':</pre>
<pre class="line before"><span class="ws">            </span>return self.make_default_options_response()</pre>
<pre class="line before"><span class="ws">        </span># otherwise dispatch to the handler for that endpoint</pre>
<pre class="line current"><span class="ws">        </span>return self.view_functions[rule.endpoint](**req.view_args)</pre>
<pre class="line after"><span class="ws"></span> </pre>
<pre class="line after"><span class="ws">    </span>def full_dispatch_request(self):</pre>
<pre class="line after"><span class="ws">        </span>&quot;&quot;&quot;Dispatches the request and on top of that performs request</pre>
<pre class="line after"><span class="ws">        </span>pre and postprocessing as well as HTTP exception catching and</pre>
<pre class="line after"><span class="ws">        </span>error handling.</pre></div>
</div>

<li><div class="frame" id="frame-140433426729232">
  <h4>File <cite class="filename">"/letv/deployment/lemall_ops/oms.py"</cite>,
      line <em class="line">973</em>,
      in <code class="function">check_rel</code></h4>
  <div class="source"><pre class="line before"><span class="ws"></span> </pre>
<pre class="line before"><span class="ws"></span>@app.route('/check_rel')  #查询是否第一次发版</pre>
<pre class="line before"><span class="ws"></span>def check_rel():</pre>
<pre class="line before"><span class="ws">    </span>rel_id = request.values.get('rel_id','')</pre>
<pre class="line before"><span class="ws">    </span>sql = 'select b.status from rel_apply a,rel_operate b where a.app_id=b.app_id and a.id=' + str(rel_id) + ';'</pre>
<pre class="line current"><span class="ws">    </span>info = query_db(sql)[0][0]</pre>
<pre class="line after"><span class="ws">    </span>if info is None:</pre>
<pre class="line after"><span class="ws">        </span>result = 'first'</pre>
<pre class="line after"><span class="ws">    </span>else:</pre>
<pre class="line after"><span class="ws">        </span>result = 'no first'</pre>
<pre class="line after"><span class="ws">    </span>return result</pre></div>
</div>
</ul>
  <blockquote>IndexError: tuple index out of range</blockquote>
</div>

<div class="plain">
  <form action="/?__debugger__=yes&amp;cmd=paste" method="post">
    <p>
      <input type="hidden" name="language" value="pytb">
      This is the Copy/Paste friendly version of the traceback.  <span
      class="pastemessage">You can also paste this traceback into
      a <a href="https://gist.github.com/">gist</a>:
      <input type="submit" value="create paste"></span>
    </p>
    <textarea cols="50" rows="10" name="code" readonly>Traceback (most recent call last):
  File "/usr/local/lib/python2.7/site-packages/flask/app.py", line 1836, in __call__
    return self.wsgi_app(environ, start_response)
  File "/usr/local/lib/python2.7/site-packages/flask/app.py", line 1820, in wsgi_app
    response = self.make_response(self.handle_exception(e))
  File "/usr/local/lib/python2.7/site-packages/flask/app.py", line 1403, in handle_exception
    reraise(exc_type, exc_value, tb)
  File "/usr/local/lib/python2.7/site-packages/flask/app.py", line 1817, in wsgi_app
    response = self.full_dispatch_request()
  File "/usr/local/lib/python2.7/site-packages/flask/app.py", line 1477, in full_dispatch_request
    rv = self.handle_user_exception(e)
  File "/usr/local/lib/python2.7/site-packages/flask/app.py", line 1381, in handle_user_exception
    reraise(exc_type, exc_value, tb)
  File "/usr/local/lib/python2.7/site-packages/flask/app.py", line 1475, in full_dispatch_request
    rv = self.dispatch_request()
  File "/usr/local/lib/python2.7/site-packages/flask/app.py", line 1461, in dispatch_request
    return self.view_functions[rule.endpoint](**req.view_args)
  File "/letv/deployment/lemall_ops/oms.py", line 973, in check_rel
    info = query_db(sql)[0][0]
IndexError: tuple index out of range</textarea>
  </form>
</div>
<div class="explanation">
  The debugger caught an exception in your WSGI application.  You can now
  look at the traceback which led to the error.  <span class="nojavascript">
  If you enable JavaScript you can also use additional features such as code
  execution (if the evalex feature is enabled), automatic pasting of the
  exceptions and much more.</span>
</div>
      <div class="footer">
        Brought to you by <strong class="arthur">DON'T PANIC</strong>, your
        friendly Werkzeug powered traceback interpreter.
      </div>
    </div>

    <div class="pin-prompt">
      <div class="inner">
        <h3>Console Locked</h3>
        <p>
          The console is locked and needs to be unlocked by entering the PIN.
          You can find the PIN printed out on the standard output of your
          shell that runs the server.
        <form>
          <p>PIN:
            <input type=text name=pin size=14>
            <input type=submit name=btn value="Confirm Pin">
        </form>
      </div>
    </div>
  </body>
</html>

<!--

Traceback (most recent call last):
  File "/usr/local/lib/python2.7/site-packages/flask/app.py", line 1836, in __call__
    return self.wsgi_app(environ, start_response)
  File "/usr/local/lib/python2.7/site-packages/flask/app.py", line 1820, in wsgi_app
    response = self.make_response(self.handle_exception(e))
  File "/usr/local/lib/python2.7/site-packages/flr: <!DOCTYPE HTML PUBLIC "-//W3C//DTD HTML 4.01 Transitional//EN"
  "http://www.w3.org/TR/html4/loose.dtd">
<html>
  <head>
    <title>IndexError: tuple index out of range // Werkzeug Debugger</title>
    <link rel="stylesheet" href="?__debugger__=yes&amp;cmd=resource&amp;f=style.css"
        type="text/css">
    <!-- We need to make sure this has a favicon so that the debugger does
         not by accident trigger a request to /favicon.ico which might
         change the application state. -->
    <link rel="shortcut icon"
        href="?__debugger__=yes&amp;cmd=resource&amp;f=console.png">
    <script src="?__debugger__=yes&amp;cmd=resource&amp;f=jquery.js"></script>
    <script src="?__debugger__=yes&amp;cmd=resource&amp;f=debugger.js"></script>
    <script type="text/javascript">
      var TRACEBACK = 140433426729680,
          CONSOLE_MODE = false,
          EVALEX = true,
          EVALEX_TRUSTED = false,
          SECRET = "LyhOiqXNay9T89Z7pjFT";
    </script>
  </head>
  <body>
    <div class="debugger">
<h1>IndexError</h1>
<div class="detail">
  <p class="errormsg">IndexError: tuple index out of range</p>
</div>
<h2 class="traceback">Traceback <em>(most recent call last)</em></h2>
<div class="traceback">
  
  <ul><li><div class="frame" id="frame-140434233365392">
  <h4>File <cite class="filename">"/usr/local/lib/python2.7/site-packages/flask/app.py"</cite>,
      line <em class="line">1836</em>,
      in <code class="function">__call__</code></h4>
  <div class="source"><pre class="line before"><span class="ws">                                </span>'Flask.blueprints instead'), stacklevel=2)</pre>
<pre class="line before"><span class="ws">        </span>return self.blueprints</pre>
<pre class="line before"><span class="ws"></span> </pre>
<pre class="line before"><span class="ws">    </span>def __call__(self, environ, start_response):</pre>
<pre class="line before"><span class="ws">        </span>&quot;&quot;&quot;Shortcut for :attr:`wsgi_app`.&quot;&quot;&quot;</pre>
<pre class="line current"><span class="ws">        </span>return self.wsgi_app(environ, start_response)</pre>
<pre class="line after"><span class="ws"></span> </pre>
<pre class="line after"><span class="ws">    </span>def __repr__(self):</pre>
<pre class="line after"><span class="ws">        </span>return '&lt;%s %r&gt;' % (</pre>
<pre class="line after"><span class="ws">            </span>self.__class__.__name__,</pre>
<pre class="line after"><span class="ws">            </span>self.name,</pre></div>
</div>

<li><div class="frame" id="frame-140434233367952">
  <h4>File <cite class="filename">"/usr/local/lib/python2.7/site-packages/flask/app.py"</cite>,
      line <em class="line">1820</em>,
      in <code class="function">wsgi_app</code></h4>
  <div class="source"><pre class="line before"><span class="ws">        </span>try:</pre>
<pre class="line before"><span class="ws">            </span>try:</pre>
<pre class="line before"><span class="ws">                </span>response = self.full_dispatch_request()</pre>
<pre class="line before"><span class="ws">            </span>except Exception as e:</pre>
<pre class="line before"><span class="ws">                </span>error = e</pre>
<pre class="line current"><span class="ws">                </span>response = self.make_response(self.handle_exception(e))</pre>
<pre class="line after"><span class="ws">            </span>return response(environ, start_response)</pre>
<pre class="line after"><span class="ws">        </span>finally:</pre>
<pre class="line after"><span class="ws">            </span>if self.should_ignore_error(error):</pre>
<pre class="line after"><span class="ws">                </span>error = None</pre>
<pre class="line after"><span class="ws">            </span>ctx.auto_pop(error)</pre></div>
</div>

<li><div class="frame" id="frame-140434233366864">
  <h4>File <cite class="filename">"/usr/local/lib/python2.7/site-packages/flask/app.py"</cite>,
      line <em class="line">1403</em>,
      in <code class="function">handle_exception</code></h4>
  <div class="source"><pre class="line before"><span class="ws">            </span># if we want to repropagate the exception, we can attempt to</pre>
<pre class="line before"><span class="ws">            </span># raise it with the whole traceback in case we can do that</pre>
<pre class="line before"><span class="ws">            </span># (the function was actually called from the except part)</pre>
<pre class="line before"><span class="ws">            </span># otherwise, we just raise the error again</pre>
<pre class="line before"><span class="ws">            </span>if exc_value is e:</pre>
<pre class="line current"><span class="ws">                </span>reraise(exc_type, exc_value, tb)</pre>
<pre class="line after"><span class="ws">            </span>else:</pre>
<pre class="line after"><span class="ws">                </span>raise e</pre>
<pre class="line after"><span class="ws"></span> </pre>
<pre class="line after"><span class="ws">        </span>self.log_exception((exc_type, exc_value, tb))</pre>
<pre class="line after"><span class="ws">        </span>if handler is None:</pre></div>
</div>

<li><div class="frame" id="frame-140434233365136">
  <h4>File <cite class="filename">"/usr/local/lib/python2.7/site-packages/flask/app.py"</cite>,
      line <em class="line">1817</em>,
      in <code class="function">wsgi_app</code></h4>
  <div class="source"><pre class="line before"><span class="ws">        </span>ctx = self.request_context(environ)</pre>
<pre class="line before"><span class="ws">        </span>ctx.push()</pre>
<pre class="line before"><span class="ws">        </span>error = None</pre>
<pre class="line before"><span class="ws">        </span>try:</pre>
<pre class="line before"><span class="ws">            </span>try:</pre>
<pre class="line current"><span class="ws">                </span>response = self.full_dispatch_request()</pre>
<pre class="line after"><span class="ws">            </span>except Exception as e:</pre>
<pre class="line after"><span class="ws">                </span>error = e</pre>
<pre class="line after"><span class="ws">                </span>response = self.make_response(self.handle_exception(e))</pre>
<pre class="line after"><span class="ws">            </span>return response(environ, start_response)</pre>
<pre class="line after"><span class="ws">        </span>finally:</pre></div>
</div>

<li><div class="frame" id="frame-140434233366736">
  <h4>File <cite class="filename">"/usr/local/lib/python2.7/site-packages/flask/app.py"</cite>,
      line <em class="line">1477</em>,
      in <code class="function">full_dispatch_request</code></h4>
  <div class="source"><pre class="line before"><span class="ws">            </span>request_started.send(self)</pre>
<pre class="line before"><span class="ws">            </span>rv = self.preprocess_request()</pre>
<pre class="line before"><span class="ws">            </span>if rv is None:</pre>
<pre class="line before"><span class="ws">                </span>rv = self.dispatch_request()</pre>
<pre class="line before"><span class="ws">        </span>except Exception as e:</pre>
<pre class="line current"><span class="ws">            </span>rv = self.handle_user_exception(e)</pre>
<pre class="line after"><span class="ws">        </span>response = self.make_response(rv)</pre>
<pre class="line after"><span class="ws">        </span>response = self.process_response(response)</pre>
<pre class="line after"><span class="ws">        </span>request_finished.send(self, response=response)</pre>
<pre class="line after"><span class="ws">        </span>return response</pre>
<pre class="line after"><span class="ws"></span> </pre></div>
</div>

<li><div class="frame" id="frame-140434233366288">
  <h4>File <cite class="filename">"/usr/local/lib/python2.7/site-packages/flask/app.py"</cite>,
      line <em class="line">1381</em>,
      in <code class="function">handle_user_exception</code></h4>
  <div class="source"><pre class="line before"><span class="ws">        </span>app_handlers = self.error_handler_spec[None].get(None, ())</pre>
<pre class="line before"><span class="ws">        </span>for typecheck, handler in chain(blueprint_handlers, app_handlers):</pre>
<pre class="line before"><span class="ws">            </span>if isinstance(e, typecheck):</pre>
<pre class="line before"><span class="ws">                </span>return handler(e)</pre>
<pre class="line before"><span class="ws"></span> </pre>
<pre class="line current"><span class="ws">        </span>reraise(exc_type, exc_value, tb)</pre>
<pre class="line after"><span class="ws"></span> </pre>
<pre class="line after"><span class="ws">    </span>def handle_exception(self, e):</pre>
<pre class="line after"><span class="ws">        </span>&quot;&quot;&quot;Default exception handling that kicks in when an exception</pre>
<pre class="line after"><span class="ws">        </span>occurs that is not caught.  In debug mode the exception will</pre>
<pre class="line after"><span class="ws">        </span>be re-raised immediately, otherwise it is logged and the handler</pre></div>
</div>

<li><div class="frame" id="frame-140434233367120">
  <h4>File <cite class="filename">"/usr/local/lib/python2.7/site-packages/flask/app.py"</cite>,
      line <em class="line">1475</em>,
      in <code class="function">full_dispatch_request</code></h4>
  <div class="source"><pre class="line before"><span class="ws">        </span>self.try_trigger_before_first_request_functions()</pre>
<pre class="line before"><span class="ws">        </span>try:</pre>
<pre class="line before"><span class="ws">            </span>request_started.send(self)</pre>
<pre class="line before"><span class="ws">            </span>rv = self.preprocess_request()</pre>
<pre class="line before"><span class="ws">            </span>if rv is None:</pre>
<pre class="line current"><span class="ws">                </span>rv = self.dispatch_request()</pre>
<pre class="line after"><span class="ws">        </span>except Exception as e:</pre>
<pre class="line after"><span class="ws">            </span>rv = self.handle_user_exception(e)</pre>
<pre class="line after"><span class="ws">        </span>response = self.make_response(rv)</pre>
<pre class="line after"><span class="ws">        </span>response = self.process_response(response)</pre>
<pre class="line after"><span class="ws">        </span>request_finished.send(self, response=response)</pre></div>
</div>

<li><div class="frame" id="frame-140434233365968">
  <h4>File <cite class="filename">"/usr/local/lib/python2.7/site-packages/flask/app.py"</cite>,
      line <em class="line">1461</em>,
      in <code class="function">dispatch_request</code></h4>
  <div class="source"><pre class="line before"><span class="ws">        </span># request came with the OPTIONS method, reply automatically</pre>
<pre class="line before"><span class="ws">        </span>if getattr(rule, 'provide_automatic_options', False) \</pre>
<pre class="line before"><span class="ws">           </span>and req.method == 'OPTIONS':</pre>
<pre class="line before"><span class="ws">            </span>return self.make_default_options_response()</pre>
<pre class="line before"><span class="ws">        </span># otherwise dispatch to the handler for that endpoint</pre>
<pre class="line current"><span class="ws">        </span>return self.view_functions[rule.endpoint](**req.view_args)</pre>
<pre class="line after"><span class="ws"></span> </pre>
<pre class="line after"><span class="ws">    </span>def full_dispatch_request(self):</pre>
<pre class="line after"><span class="ws">        </span>&quot;&quot;&quot;Dispatches the request and on top of that performs request</pre>
<pre class="line after"><span class="ws">        </span>pre and postprocessing as well as HTTP exception catching and</pre>
<pre class="line after"><span class="ws">        </span>error handling.</pre></div>
</div>

<li><div class="frame" id="frame-140434233367632">
  <h4>File <cite class="filename">"/letv/deployment/lemall_ops/oms.py"</cite>,
      line <em class="line">973</em>,
      in <code class="function">check_rel</code></h4>
  <div class="source"><pre class="line before"><span class="ws"></span> </pre>
<pre class="line before"><span class="ws"></span>@app.route('/check_rel')  #查询是否第一次发版</pre>
<pre class="line before"><span class="ws"></span>def check_rel():</pre>
<pre class="line before"><span class="ws">    </span>rel_id = request.values.get('rel_id','')</pre>
<pre class="line before"><span class="ws">    </span>sql = 'select b.status from rel_apply a,rel_operate b where a.app_id=b.app_id and a.id=' + str(rel_id) + ';'</pre>
<pre class="line current"><span class="ws">    </span>info = query_db(sql)[0][0]</pre>
<pre class="line after"><span class="ws">    </span>if info is None:</pre>
<pre class="line after"><span class="ws">        </span>result = 'first'</pre>
<pre class="line after"><span class="ws">    </span>else:</pre>
<pre class="line after"><span class="ws">        </span>result = 'no first'</pre>
<pre class="line after"><span class="ws">    </span>return result</pre></div>
</div>
</ul>
  <blockquote>IndexError: tuple index out of range</blockquote>
</div>

<div class="plain">
  <form action="/?__debugger__=yes&amp;cmd=paste" method="post">
    <p>
      <input type="hidden" name="language" value="pytb">
      This is the Copy/Paste friendly version of the traceback.  <span
      class="pastemessage">You can also paste this traceback into
      a <a href="https://gist.github.com/">gist</a>:
      <input type="submit" value="create paste"></span>
    </p>
    <textarea cols="50" rows="10" name="code" readonly>Traceback (most recent call last):
  File "/usr/local/lib/python2.7/site-packages/flask/app.py", line 1836, in __call__
    return self.wsgi_app(environ, start_response)
  File "/usr/local/lib/python2.7/site-packages/flask/app.py", line 1820, in wsgi_app
    response = self.make_response(self.handle_exception(e))
  File "/usr/local/lib/python2.7/site-packages/flask/app.py", line 1403, in handle_exception
    reraise(exc_type, exc_value, tb)
  File "/usr/local/lib/python2.7/site-packages/flask/app.py", line 1817, in wsgi_app
    response = self.full_dispatch_request()
  File "/usr/local/lib/python2.7/site-packages/flask/app.py", line 1477, in full_dispatch_request
    rv = self.handle_user_exception(e)
  File "/usr/local/lib/python2.7/site-packages/flask/app.py", line 1381, in handle_user_exception
    reraise(exc_type, exc_value, tb)
  File "/usr/local/lib/python2.7/site-packages/flask/app.py", line 1475, in full_dispatch_request
    rv = self.dispatch_request()
  File "/usr/local/lib/python2.7/site-packages/flask/app.py", line 1461, in dispatch_request
    return self.view_functions[rule.endpoint](**req.view_args)
  File "/letv/deployment/lemall_ops/oms.py", line 973, in check_rel
    info = query_db(sql)[0][0]
IndexError: tuple index out of range</textarea>
  </form>
</div>
<div class="explanation">
  The debugger caught an exception in your WSGI application.  You can now
  look at the traceback which led to the error.  <span class="nojavascript">
  If you enable JavaScript you can also use additional features such as code
  execution (if the evalex feature is enabled), automatic pasting of the
  exceptions and much more.</span>
</div>
      <div class="footer">
        Brought to you by <strong class="arthur">DON'T PANIC</strong>, your
        friendly Werkzeug powered traceback interpreter.
      </div>
    </div>

    <div class="pin-prompt">
      <div class="inner">
        <h3>Console Locked</h3>
        <p>
          The console is locked and needs to be unlocked by entering the PIN.
          You can find the PIN printed out on the standard output of your
          shell that runs the server.
        <form>
          <p>PIN:
            <input type=text name=pin size=14>
            <input type=submit name=btn value="Confirm Pin">
        </form>
      </div>
    </div>
  </body>
</html>

<!--

Traceback (most recent call last):
  File "/usr/local/lib/python2.7/site-packages/flask/app.py", line 1836, in __call__
    return self.wsgi_app(environ, start_response)
  File "/usr/local/lib/python2.7/site-packages/flask/app.py", line 1820, in wsgi_app
    response = self.make_response(self.handle_exception(e))
  File "/usr/local/lib/python2.7/site-packages/flask/app.py", line 1403, in handle_exception
    reraise(exc_type, exc_value, tb)
  File "/usr/local/lib/python2.7/site-packages/flask/app.py", line 1817, in wsgi_app
    response = self.full_dispatch_request()
  File "/usr/local/lib/python2.7/site-packages/flask/app.py", line 1477, in full_dispatch_request
    rv = self.handle_user_exception(e)
  File "/usr/local/lib/python2.7/site-packages/flask/app.py", line 1381, in handle_user_exception
    reraise(exc_type, exc_value, tb)
  File "/usr/local/lib/python2.7/site-packages/flask/app.py", line 1475, in full_dispatch_request
    rv = self.dispatch_request()
  File "/usr/local/lib/python2.7/site-packages/flask/app.py", line 1461, in dispatch_request
    return self.view_functions[rule.endpoint](**req.view_args)
  File "/letv/deployment/lemall_ops/oms.py", line 973, in check_rel
    info = query_db(sql)[0][0]
IndexError: tuple index out of range

-->

ask/app.py", line 1403, in handle_exception
    reraise(exc_type, exc_value, tb)
  File "/usr/local/lib/python2.7/site-packages/flask/app.py", line 1817, in wsgi_app
    response = self.full_dispatch_request()
  File "/usr/local/lib/python2.7/site-packages/flask/app.py", line 1477, in full_dispatch_request
    rv = self.handle_user_exception(e)
  File "/usr/local/lib/python2.7/site-packages/flask/app.py", line 1381, in handle_user_exception
    reraise(exc_type, exc_value, tb)
  File "/usr/local/lib/python2.7/site-packages/flask/app.py", line 1475, in full_dispatch_request
    rv = self.dispatch_request()
  File "/usr/local/lib/python2.7/site-packages/flask/app.py", line 1461, in dispatch_request
    return self.view_functions[rule.endpoint](**req.view_args)
  File "/letv/deployment/lemall_ops/oms.py", line 973, in check_rel
    info = query_db(sql)[0][0]
IndexError: tuple index out of range

-->

r: <!DOCTYPE HTML PUBLIC "-//W3C//DTD HTML 4.01 Transitional//EN"
  "http://www.w3.org/TR/html4/loose.dtd">
<html>
  <head>
    <title>IndexError: tuple index out of range // Werkzeug Debugger</title>
    <link rel="stylesheet" href="?__debugger__=yes&amp;cmd=resource&amp;f=style.css"
        type="text/css">
    <!-- We need to make sure this has a favicon so that the debugger does
         not by accident trigger a request to /favicon.ico which might
         change the application state. -->
    <link rel="shortcut icon"
        href="?__debugger__=yes&amp;cmd=resource&amp;f=console.png">
    <script src="?__debugger__=yes&amp;cmd=resource&amp;f=jquery.js"></script>
    <script src="?__debugger__=yes&amp;cmd=resource&amp;f=debugger.js"></script>
    <script type="text/javascript">
      var TRACEBACK = 140433558705488,
          CONSOLE_MODE = false,
          EVALEX = true,
          EVALEX_TRUSTED = false,
          SECRET = "LyhOiqXNay9T89Z7pjFT";
    </script>
  </head>
  <body>
    <div class="debugger">
<h1>IndexError</h1>
<div class="detail">
  <p class="errormsg">IndexError: tuple index out of range</p>
</div>
<h2 class="traceback">Traceback <em>(most recent call last)</em></h2>
<div class="traceback">
  
  <ul><li><div class="frame" id="frame-140433558704528">
  <h4>File <cite class="filename">"/usr/local/lib/python2.7/site-packages/flask/app.py"</cite>,
      line <em class="line">1836</em>,
      in <code class="function">__call__</code></h4>
  <div class="source"><pre class="line before"><span class="ws">                                </span>'Flask.blueprints instead'), stacklevel=2)</pre>
<pre class="line before"><span class="ws">        </span>return self.blueprints</pre>
<pre class="line before"><span class="ws"></span> </pre>
<pre class="line before"><span class="ws">    </span>def __call__(self, environ, start_response):</pre>
<pre class="line before"><span class="ws">        </span>&quot;&quot;&quot;Shortcut for :attr:`wsgi_app`.&quot;&quot;&quot;</pre>
<pre class="line current"><span class="ws">        </span>return self.wsgi_app(environ, start_response)</pre>
<pre class="line after"><span class="ws"></span> </pre>
<pre class="line after"><span class="ws">    </span>def __repr__(self):</pre>
<pre class="line after"><span class="ws">        </span>return '&lt;%s %r&gt;' % (</pre>
<pre class="line after"><span class="ws">            </span>self.__class__.__name__,</pre>
<pre class="line after"><span class="ws">            </span>self.name,</pre></div>
</div>

<li><div class="frame" id="frame-140433558705168">
  <h4>File <cite class="filename">"/usr/local/lib/python2.7/site-packages/flask/app.py"</cite>,
      line <em class="line">1820</em>,
      in <code class="function">wsgi_app</code></h4>
  <div class="source"><pre class="line before"><span class="ws">        </span>try:</pre>
<pre class="line before"><span class="ws">            </span>try:</pre>
<pre class="line before"><span class="ws">                </span>response = self.full_dispatch_request()</pre>
<pre class="line before"><span class="ws">            </span>except Exception as e:</pre>
<pre class="line before"><span class="ws">                </span>error = e</pre>
<pre class="line current"><span class="ws">                </span>response = self.make_response(self.handle_exception(e))</pre>
<pre class="line after"><span class="ws">            </span>return response(environ, start_response)</pre>
<pre class="line after"><span class="ws">        </span>finally:</pre>
<pre class="line after"><span class="ws">            </span>if self.should_ignore_error(error):</pre>
<pre class="line after"><span class="ws">                </span>error = None</pre>
<pre class="line after"><span class="ws">            </span>ctx.auto_pop(error)</pre></div>
</div>

<li><div class="frame" id="frame-140433558705680">
  <h4>File <cite class="filename">"/usr/local/lib/python2.7/site-packages/flask/app.py"</cite>,
      line <em class="line">1403</em>,
      in <code class="function">handle_exception</code></h4>
  <div class="source"><pre class="line before"><span class="ws">            </span># if we want to repropagate the exception, we can attempt to</pre>
<pre class="line before"><span class="ws">            </span># raise it with the whole traceback in case we can do that</pre>
<pre class="line before"><span class="ws">            </span># (the function was actually called from the except part)</pre>
<pre class="line before"><span class="ws">            </span># otherwise, we just raise the error again</pre>
<pre class="line before"><span class="ws">            </span>if exc_value is e:</pre>
<pre class="line current"><span class="ws">                </span>reraise(exc_type, exc_value, tb)</pre>
<pre class="line after"><span class="ws">            </span>else:</pre>
<pre class="line after"><span class="ws">                </span>raise e</pre>
<pre class="line after"><span class="ws"></span> </pre>
<pre class="line after"><span class="ws">        </span>self.log_exception((exc_type, exc_value, tb))</pre>
<pre class="line after"><span class="ws">        </span>if handler is None:</pre></div>
</div>

<li><div class="frame" id="frame-140433558705616">
  <h4>File <cite class="filename">"/usr/local/lib/python2.7/site-packages/flask/app.py"</cite>,
      line <em class="line">1817</em>,
      in <code class="function">wsgi_app</code></h4>
  <div class="source"><pre class="line before"><span class="ws">        </span>ctx = self.request_context(environ)</pre>
<pre class="line before"><span class="ws">        </span>ctx.push()</pre>
<pre class="line before"><span class="ws">        </span>error = None</pre>
<pre class="line before"><span class="ws">        </span>try:</pre>
<pre class="line before"><span class="ws">            </span>try:</pre>
<pre class="line current"><span class="ws">                </span>response = self.full_dispatch_request()</pre>
<pre class="line after"><span class="ws">            </span>except Exception as e:</pre>
<pre class="line after"><span class="ws">                </span>error = e</pre>
<pre class="line after"><span class="ws">                </span>response = self.make_response(self.handle_exception(e))</pre>
<pre class="line after"><span class="ws">            </span>return response(environ, start_response)</pre>
<pre class="line after"><span class="ws">        </span>finally:</pre></div>
</div>

<li><div class="frame" id="frame-140433558706000">
  <h4>File <cite class="filename">"/usr/local/lib/python2.7/site-packages/flask/app.py"</cite>,
      line <em class="line">1477</em>,
      in <code class="function">full_dispatch_request</code></h4>
  <div class="source"><pre class="line before"><span class="ws">            </span>request_started.send(self)</pre>
<pre class="line before"><span class="ws">            </span>rv = self.preprocess_request()</pre>
<pre class="line before"><span class="ws">            </span>if rv is None:</pre>
<pre class="line before"><span class="ws">                </span>rv = self.dispatch_request()</pre>
<pre class="line before"><span class="ws">        </span>except Exception as e:</pre>
<pre class="line current"><span class="ws">            </span>rv = self.handle_user_exception(e)</pre>
<pre class="line after"><span class="ws">        </span>response = self.make_response(rv)</pre>
<pre class="line after"><span class="ws">        </span>response = self.process_response(response)</pre>
<pre class="line after"><span class="ws">        </span>request_finished.send(self, response=response)</pre>
<pre class="line after"><span class="ws">        </span>return response</pre>
<pre class="line after"><span class="ws"></span> </pre></div>
</div>

<li><div class="frame" id="frame-140433558704912">
  <h4>File <cite class="filename">"/usr/local/lib/python2.7/site-packages/flask/app.py"</cite>,
      line <em class="line">1381</em>,
      in <code class="function">handle_user_exception</code></h4>
  <div class="source"><pre class="line before"><span class="ws">        </span>app_handlers = self.error_handler_spec[None].get(None, ())</pre>
<pre class="line before"><span class="ws">        </span>for typecheck, handler in chain(blueprint_handlers, app_handlers):</pre>
<pre class="line before"><span class="ws">            </span>if isinstance(e, typecheck):</pre>
<pre class="line before"><span class="ws">                </span>return handler(e)</pre>
<pre class="line before"><span class="ws"></span> </pre>
<pre class="line current"><span class="ws">        </span>reraise(exc_type, exc_value, tb)</pre>
<pre class="line after"><span class="ws"></span> </pre>
<pre class="line after"><span class="ws">    </span>def handle_exception(self, e):</pre>
<pre class="line after"><span class="ws">        </span>&quot;&quot;&quot;Default exception handling that kicks in when an exception</pre>
<pre class="line after"><span class="ws">        </span>occurs that is not caught.  In debug mode the exception will</pre>
<pre class="line after"><span class="ws">        </span>be re-raised immediately, otherwise it is logged and the handler</pre></div>
</div>

<li><div class="frame" id="frame-140433558706192">
  <h4>File <cite class="filename">"/usr/local/lib/python2.7/site-packages/flask/app.py"</cite>,
      line <em class="line">1475</em>,
      in <code class="function">full_dispatch_request</code></h4>
  <div class="source"><pre class="line before"><span class="ws">        </span>self.try_trigger_before_first_request_functions()</pre>
<pre class="line before"><span class="ws">        </span>try:</pre>
<pre class="line before"><span class="ws">            </span>request_started.send(self)</pre>
<pre class="line before"><span class="ws">            </span>rv = self.preprocess_request()</pre>
<pre class="line before"><span class="ws">            </span>if rv is None:</pre>
<pre class="line current"><span class="ws">                </span>rv = self.dispatch_request()</pre>
<pre class="line after"><span class="ws">        </span>except Exception as e:</pre>
<pre class="line after"><span class="ws">            </span>rv = self.handle_user_exception(e)</pre>
<pre class="line after"><span class="ws">        </span>response = self.make_response(rv)</pre>
<pre class="line after"><span class="ws">        </span>response = self.process_response(response)</pre>
<pre class="line after"><span class="ws">        </span>request_finished.send(self, response=response)</pre></div>
</div>

<li><div class="frame" id="frame-140433558704272">
  <h4>File <cite class="filename">"/usr/local/lib/python2.7/site-packages/flask/app.py"</cite>,
      line <em class="line">1461</em>,
      in <code class="function">dispatch_request</code></h4>
  <div class="source"><pre class="line before"><span class="ws">        </span># request came with the OPTIONS method, reply automatically</pre>
<pre class="line before"><span class="ws">        </span>if getattr(rule, 'provide_automatic_options', False) \</pre>
<pre class="line before"><span class="ws">           </span>and req.method == 'OPTIONS':</pre>
<pre class="line before"><span class="ws">            </span>return self.make_default_options_response()</pre>
<pre class="line before"><span class="ws">        </span># otherwise dispatch to the handler for that endpoint</pre>
<pre class="line current"><span class="ws">        </span>return self.view_functions[rule.endpoint](**req.view_args)</pre>
<pre class="line after"><span class="ws"></span> </pre>
<pre class="line after"><span class="ws">    </span>def full_dispatch_request(self):</pre>
<pre class="line after"><span class="ws">        </span>&quot;&quot;&quot;Dispatches the request and on top of that performs request</pre>
<pre class="line after"><span class="ws">        </span>pre and postprocessing as well as HTTP exception catching and</pre>
<pre class="line after"><span class="ws">        </span>error handling.</pre></div>
</div>

<li><div class="frame" id="frame-140433558704656">
  <h4>File <cite class="filename">"/letv/deployment/lemall_ops/oms.py"</cite>,
      line <em class="line">973</em>,
      in <code class="function">check_rel</code></h4>
  <div class="source"><pre class="line before"><span class="ws"></span> </pre>
<pre class="line before"><span class="ws"></span>@app.route('/check_rel')  #查询是否第一次发版</pre>
<pre class="line before"><span class="ws"></span>def check_rel():</pre>
<pre class="line before"><span class="ws">    </span>rel_id = request.values.get('rel_id','')</pre>
<pre class="line before"><span class="ws">    </span>sql = 'select b.status from rel_apply a,rel_operate b where a.app_id=b.app_id and a.id=' + str(rel_id) + ';'</pre>
<pre class="line current"><span class="ws">    </span>info = query_db(sql)[0][0]</pre>
<pre class="line after"><span class="ws">    </span>if info is None:</pre>
<pre class="line after"><span class="ws">        </span>result = 'first'</pre>
<pre class="line after"><span class="ws">    </span>else:</pre>
<pre class="line after"><span class="ws">        </span>result = 'no first'</pre>
<pre class="line after"><span class="ws">    </span>return result</pre></div>
</div>
</ul>
  <blockquote>IndexError: tuple index out of range</blockquote>
</div>

<div class="plain">
  <form action="/?__debugger__=yes&amp;cmd=paste" method="post">
    <p>
      <input type="hidden" name="language" value="pytb">
      This is the Copy/Paste friendly version of the traceback.  <span
      class="pastemessage">You can also paste this traceback into
      a <a href="https://gist.github.com/">gist</a>:
      <input type="submit" value="create paste"></span>
    </p>
    <textarea cols="50" rows="10" name="code" readonly>Traceback (most recent call last):
  File "/usr/local/lib/python2.7/site-packages/flask/app.py", line 1836, in __call__
    return self.wsgi_app(environ, start_response)
  File "/usr/local/lib/python2.7/site-packages/flask/app.py", line 1820, in wsgi_app
    response = self.make_response(self.handle_exception(e))
  File "/usr/local/lib/python2.7/site-packages/flask/app.py", line 1403, in handle_exception
    reraise(exc_type, exc_value, tb)
  File "/usr/local/lib/python2.7/site-packages/flask/app.py", line 1817, in wsgi_app
    response = self.full_dispatch_request()
  File "/usr/local/lib/python2.7/site-packages/flask/app.py", line 1477, in full_dispatch_request
    rv = self.handle_user_exception(e)
  File "/usr/local/lib/python2.7/site-packages/flask/app.py", line 1381, in handle_user_exception
    reraise(exc_type, exc_value, tb)
  File "/usr/local/lib/python2.7/site-packages/flask/app.py", line 1475, in full_dispatch_request
    rv = self.dispatch_request()
  File "/usr/local/lib/python2.7/site-packages/flask/app.py", line 1461, in dispatch_request
    return self.view_functions[rule.endpoint](**req.view_args)
  File "/letv/deployment/lemall_ops/oms.py", line 973, in check_rel
    info = query_db(sql)[0][0]
IndexError: tuple index out of range</textarea>
  </form>
</div>
<div class="explanation">
  The debugger caught an exception in your WSGI application.  You can now
  look at the traceback which led to the error.  <span class="nojavascript">
  If you enable JavaScript you can also use additional features such as code
  execution (if the evalex feature is enabled), automatic pasting of the
  exceptions and much more.</span>
</div>
      <div class="footer">
        Brought to you by <strong class="arthur">DON'T PANIC</strong>, your
        friendly Werkzeug powered traceback interpreter.
      </div>
    </div>

    <div class="pin-prompt">
      <div class="inner">
        <h3>Console Locked</h3>
        <p>
          The console is locked and needs to be unlocked by entering the PIN.
          You can find the PIN printed out on the standard output of your
          shell that runs the server.
        <form>
          <p>PIN:
            <input type=text name=pin size=14>
            <input type=submit name=btn value="Confirm Pin">
        </form>
      </div>
    </div>
  </body>
</html>

<!--

Traceback (most recent call last):
  File "/usr/local/lib/python2.7/site-packages/flask/app.py", line 1836, in __call__
    return self.wsgi_app(environ, start_response)
  File "/usr/local/lib/python2.7/site-packages/flask/app.py", line 1820, in wsgi_app
    response = self.make_response(self.handle_exception(e))
  File "/usr/local/lib/python2.7/site-packages/flr: <!DOCTYPE HTML PUBLIC "-//W3C//DTD HTML 4.01 Transitional//EN"
  "http://www.w3.org/TR/html4/loose.dtd">
<html>
  <head>
    <title>IndexError: tuple index out of range // Werkzeug Debugger</title>
    <link rel="stylesheet" href="?__debugger__=yes&amp;cmd=resource&amp;f=style.css"
        type="text/css">
    <!-- We need to make sure this has a favicon so that the debugger does
         not by accident trigger a request to /favicon.ico which might
         change the application state. -->
    <link rel="shortcut icon"
        href="?__debugger__=yes&amp;cmd=resource&amp;f=console.png">
    <script src="?__debugger__=yes&amp;cmd=resource&amp;f=jquery.js"></script>
    <script src="?__debugger__=yes&amp;cmd=resource&amp;f=debugger.js"></script>
    <script type="text/javascript">
      var TRACEBACK = 140433555309136,
          CONSOLE_MODE = false,
          EVALEX = true,
          EVALEX_TRUSTED = false,
          SECRET = "LyhOiqXNay9T89Z7pjFT";
    </script>
  </head>
  <body>
    <div class="debugger">
<h1>IndexError</h1>
<div class="detail">
  <p class="errormsg">IndexError: tuple index out of range</p>
</div>
<h2 class="traceback">Traceback <em>(most recent call last)</em></h2>
<div class="traceback">
  
  <ul><li><div class="frame" id="frame-140433555310416">
  <h4>File <cite class="filename">"/usr/local/lib/python2.7/site-packages/flask/app.py"</cite>,
      line <em class="line">1836</em>,
      in <code class="function">__call__</code></h4>
  <div class="source"><pre class="line before"><span class="ws">                                </span>'Flask.blueprints instead'), stacklevel=2)</pre>
<pre class="line before"><span class="ws">        </span>return self.blueprints</pre>
<pre class="line before"><span class="ws"></span> </pre>
<pre class="line before"><span class="ws">    </span>def __call__(self, environ, start_response):</pre>
<pre class="line before"><span class="ws">        </span>&quot;&quot;&quot;Shortcut for :attr:`wsgi_app`.&quot;&quot;&quot;</pre>
<pre class="line current"><span class="ws">        </span>return self.wsgi_app(environ, start_response)</pre>
<pre class="line after"><span class="ws"></span> </pre>
<pre class="line after"><span class="ws">    </span>def __repr__(self):</pre>
<pre class="line after"><span class="ws">        </span>return '&lt;%s %r&gt;' % (</pre>
<pre class="line after"><span class="ws">            </span>self.__class__.__name__,</pre>
<pre class="line after"><span class="ws">            </span>self.name,</pre></div>
</div>

<li><div class="frame" id="frame-140434903620688">
  <h4>File <cite class="filename">"/usr/local/lib/python2.7/site-packages/flask/app.py"</cite>,
      line <em class="line">1820</em>,
      in <code class="function">wsgi_app</code></h4>
  <div class="source"><pre class="line before"><span class="ws">        </span>try:</pre>
<pre class="line before"><span class="ws">            </span>try:</pre>
<pre class="line before"><span class="ws">                </span>response = self.full_dispatch_request()</pre>
<pre class="line before"><span class="ws">            </span>except Exception as e:</pre>
<pre class="line before"><span class="ws">                </span>error = e</pre>
<pre class="line current"><span class="ws">                </span>response = self.make_response(self.handle_exception(e))</pre>
<pre class="line after"><span class="ws">            </span>return response(environ, start_response)</pre>
<pre class="line after"><span class="ws">        </span>finally:</pre>
<pre class="line after"><span class="ws">            </span>if self.should_ignore_error(error):</pre>
<pre class="line after"><span class="ws">                </span>error = None</pre>
<pre class="line after"><span class="ws">            </span>ctx.auto_pop(error)</pre></div>
</div>

<li><div class="frame" id="frame-140433555310672">
  <h4>File <cite class="filename">"/usr/local/lib/python2.7/site-packages/flask/app.py"</cite>,
      line <em class="line">1403</em>,
      in <code class="function">handle_exception</code></h4>
  <div class="source"><pre class="line before"><span class="ws">            </span># if we want to repropagate the exception, we can attempt to</pre>
<pre class="line before"><span class="ws">            </span># raise it with the whole traceback in case we can do that</pre>
<pre class="line before"><span class="ws">            </span># (the function was actually called from the except part)</pre>
<pre class="line before"><span class="ws">            </span># otherwise, we just raise the error again</pre>
<pre class="line before"><span class="ws">            </span>if exc_value is e:</pre>
<pre class="line current"><span class="ws">                </span>reraise(exc_type, exc_value, tb)</pre>
<pre class="line after"><span class="ws">            </span>else:</pre>
<pre class="line after"><span class="ws">                </span>raise e</pre>
<pre class="line after"><span class="ws"></span> </pre>
<pre class="line after"><span class="ws">        </span>self.log_exception((exc_type, exc_value, tb))</pre>
<pre class="line after"><span class="ws">        </span>if handler is None:</pre></div>
</div>

<li><div class="frame" id="frame-140433555310288">
  <h4>File <cite class="filename">"/usr/local/lib/python2.7/site-packages/flask/app.py"</cite>,
      line <em class="line">1817</em>,
      in <code class="function">wsgi_app</code></h4>
  <div class="source"><pre class="line before"><span class="ws">        </span>ctx = self.request_context(environ)</pre>
<pre class="line before"><span class="ws">        </span>ctx.push()</pre>
<pre class="line before"><span class="ws">        </span>error = None</pre>
<pre class="line before"><span class="ws">        </span>try:</pre>
<pre class="line before"><span class="ws">            </span>try:</pre>
<pre class="line current"><span class="ws">                </span>response = self.full_dispatch_request()</pre>
<pre class="line after"><span class="ws">            </span>except Exception as e:</pre>
<pre class="line after"><span class="ws">                </span>error = e</pre>
<pre class="line after"><span class="ws">                </span>response = self.make_response(self.handle_exception(e))</pre>
<pre class="line after"><span class="ws">            </span>return response(environ, start_response)</pre>
<pre class="line after"><span class="ws">        </span>finally:</pre></div>
</div>

<li><div class="frame" id="frame-140433558707664">
  <h4>File <cite class="filename">"/usr/local/lib/python2.7/site-packages/flask/app.py"</cite>,
      line <em class="line">1477</em>,
      in <code class="function">full_dispatch_request</code></h4>
  <div class="source"><pre class="line before"><span class="ws">            </span>request_started.send(self)</pre>
<pre class="line before"><span class="ws">            </span>rv = self.preprocess_request()</pre>
<pre class="line before"><span class="ws">            </span>if rv is None:</pre>
<pre class="line before"><span class="ws">                </span>rv = self.dispatch_request()</pre>
<pre class="line before"><span class="ws">        </span>except Exception as e:</pre>
<pre class="line current"><span class="ws">            </span>rv = self.handle_user_exception(e)</pre>
<pre class="line after"><span class="ws">        </span>response = self.make_response(rv)</pre>
<pre class="line after"><span class="ws">        </span>response = self.process_response(response)</pre>
<pre class="line after"><span class="ws">        </span>request_finished.send(self, response=response)</pre>
<pre class="line after"><span class="ws">        </span>return response</pre>
<pre class="line after"><span class="ws"></span> </pre></div>
</div>

<li><div class="frame" id="frame-140433558707024">
  <h4>File <cite class="filename">"/usr/local/lib/python2.7/site-packages/flask/app.py"</cite>,
      line <em class="line">1381</em>,
      in <code class="function">handle_user_exception</code></h4>
  <div class="source"><pre class="line before"><span class="ws">        </span>app_handlers = self.error_handler_spec[None].get(None, ())</pre>
<pre class="line before"><span class="ws">        </span>for typecheck, handler in chain(blueprint_handlers, app_handlers):</pre>
<pre class="line before"><span class="ws">            </span>if isinstance(e, typecheck):</pre>
<pre class="line before"><span class="ws">                </span>return handler(e)</pre>
<pre class="line before"><span class="ws"></span> </pre>
<pre class="line current"><span class="ws">        </span>reraise(exc_type, exc_value, tb)</pre>
<pre class="line after"><span class="ws"></span> </pre>
<pre class="line after"><span class="ws">    </span>def handle_exception(self, e):</pre>
<pre class="line after"><span class="ws">        </span>&quot;&quot;&quot;Default exception handling that kicks in when an exception</pre>
<pre class="line after"><span class="ws">        </span>occurs that is not caught.  In debug mode the exception will</pre>
<pre class="line after"><span class="ws">        </span>be re-raised immediately, otherwise it is logged and the handler</pre></div>
</div>

<li><div class="frame" id="frame-140433558707152">
  <h4>File <cite class="filename">"/usr/local/lib/python2.7/site-packages/flask/app.py"</cite>,
      line <em class="line">1475</em>,
      in <code class="function">full_dispatch_request</code></h4>
  <div class="source"><pre class="line before"><span class="ws">        </span>self.try_trigger_before_first_request_functions()</pre>
<pre class="line before"><span class="ws">        </span>try:</pre>
<pre class="line before"><span class="ws">            </span>request_started.send(self)</pre>
<pre class="line before"><span class="ws">            </span>rv = self.preprocess_request()</pre>
<pre class="line before"><span class="ws">            </span>if rv is None:</pre>
<pre class="line current"><span class="ws">                </span>rv = self.dispatch_request()</pre>
<pre class="line after"><span class="ws">        </span>except Exception as e:</pre>
<pre class="line after"><span class="ws">            </span>rv = self.handle_user_exception(e)</pre>
<pre class="line after"><span class="ws">        </span>response = self.make_response(rv)</pre>
<pre class="line after"><span class="ws">        </span>response = self.process_response(response)</pre>
<pre class="line after"><span class="ws">        </span>request_finished.send(self, response=response)</pre></div>
</div>

<li><div class="frame" id="frame-140433558704976">
  <h4>File <cite class="filename">"/usr/local/lib/python2.7/site-packages/flask/app.py"</cite>,
      line <em class="line">1461</em>,
      in <code class="function">dispatch_request</code></h4>
  <div class="source"><pre class="line before"><span class="ws">        </span># request came with the OPTIONS method, reply automatically</pre>
<pre class="line before"><span class="ws">        </span>if getattr(rule, 'provide_automatic_options', False) \</pre>
<pre class="line before"><span class="ws">           </span>and req.method == 'OPTIONS':</pre>
<pre class="line before"><span class="ws">            </span>return self.make_default_options_response()</pre>
<pre class="line before"><span class="ws">        </span># otherwise dispatch to the handler for that endpoint</pre>
<pre class="line current"><span class="ws">        </span>return self.view_functions[rule.endpoint](**req.view_args)</pre>
<pre class="line after"><span class="ws"></span> </pre>
<pre class="line after"><span class="ws">    </span>def full_dispatch_request(self):</pre>
<pre class="line after"><span class="ws">        </span>&quot;&quot;&quot;Dispatches the request and on top of that performs request</pre>
<pre class="line after"><span class="ws">        </span>pre and postprocessing as well as HTTP exception catching and</pre>
<pre class="line after"><span class="ws">        </span>error handling.</pre></div>
</div>

<li><div class="frame" id="frame-140434707587280">
  <h4>File <cite class="filename">"/letv/deployment/lemall_ops/oms.py"</cite>,
      line <em class="line">973</em>,
      in <code class="function">check_rel</code></h4>
  <div class="source"><pre class="line before"><span class="ws"></span> </pre>
<pre class="line before"><span class="ws"></span>@app.route('/check_rel')  #查询是否第一次发版</pre>
<pre class="line before"><span class="ws"></span>def check_rel():</pre>
<pre class="line before"><span class="ws">    </span>rel_id = request.values.get('rel_id','')</pre>
<pre class="line before"><span class="ws">    </span>sql = 'select b.status from rel_apply a,rel_operate b where a.app_id=b.app_id and a.id=' + str(rel_id) + ';'</pre>
<pre class="line current"><span class="ws">    </span>info = query_db(sql)[0][0]</pre>
<pre class="line after"><span class="ws">    </span>if info is None:</pre>
<pre class="line after"><span class="ws">        </span>result = 'first'</pre>
<pre class="line after"><span class="ws">    </span>else:</pre>
<pre class="line after"><span class="ws">        </span>result = 'no first'</pre>
<pre class="line after"><span class="ws">    </span>return result</pre></div>
</div>
</ul>
  <blockquote>IndexError: tuple index out of range</blockquote>
</div>

<div class="plain">
  <form action="/?__debugger__=yes&amp;cmd=paste" method="post">
    <p>
      <input type="hidden" name="language" value="pytb">
      This is the Copy/Paste friendly version of the traceback.  <span
      class="pastemessage">You can also paste this traceback into
      a <a href="https://gist.github.com/">gist</a>:
      <input type="submit" value="create paste"></span>
    </p>
    <textarea cols="50" rows="10" name="code" readonly>Traceback (most recent call last):
  File "/usr/local/lib/python2.7/site-packages/flask/app.py", line 1836, in __call__
    return self.wsgi_app(environ, start_response)
  File "/usr/local/lib/python2.7/site-packages/flask/app.py", line 1820, in wsgi_app
    response = self.make_response(self.handle_exception(e))
  File "/usr/local/lib/python2.7/site-packages/flask/app.py", line 1403, in handle_exception
    reraise(exc_type, exc_value, tb)
  File "/usr/local/lib/python2.7/site-packages/flask/app.py", line 1817, in wsgi_app
    response = self.full_dispatch_request()
  File "/usr/local/lib/python2.7/site-packages/flask/app.py", line 1477, in full_dispatch_request
    rv = self.handle_user_exception(e)
  File "/usr/local/lib/python2.7/site-packages/flask/app.py", line 1381, in handle_user_exception
    reraise(exc_type, exc_value, tb)
  File "/usr/local/lib/python2.7/site-packages/flask/app.py", line 1475, in full_dispatch_request
    rv = self.dispatch_request()
  File "/usr/local/lib/python2.7/site-packages/flask/app.py", line 1461, in dispatch_request
    return self.view_functions[rule.endpoint](**req.view_args)
  File "/letv/deployment/lemall_ops/oms.py", line 973, in check_rel
    info = query_db(sql)[0][0]
IndexError: tuple index out of range</textarea>
  </form>
</div>
<div class="explanation">
  The debugger caught an exception in your WSGI application.  You can now
  look at the traceback which led to the error.  <span class="nojavascript">
  If you enable JavaScript you can also use additional features such as code
  execution (if the evalex feature is enabled), automatic pasting of the
  exceptions and much more.</span>
</div>
      <div class="footer">
        Brought to you by <strong class="arthur">DON'T PANIC</strong>, your
        friendly Werkzeug powered traceback interpreter.
      </div>
    </div>

    <div class="pin-prompt">
      <div class="inner">
        <h3>Console Locked</h3>
        <p>
          The console is locked and needs to be unlocked by entering the PIN.
          You can find the PIN printed out on the standard output of your
          shell that runs the server.
        <form>
          <p>PIN:
            <input type=text name=pin size=14>
            <input type=submit name=btn value="Confirm Pin">
        </form>
      </div>
    </div>
  </body>
</html>

<!--

Traceback (most recent call last):
  File "/usr/local/lib/python2.7/site-packages/flask/app.py", line 1836, in __call__
    return self.wsgi_app(environ, start_response)
  File "/usr/local/lib/python2.7/site-packages/flask/app.py", line 1820, in wsgi_app
    response = self.make_response(self.handle_exception(e))
  File "/usr/local/lib/python2.7/site-packages/fl